# JRE version: OpenJDK Runtime Environment (8.0_172-b11) (build 1.8.0_172-b11)
# Java VM: OpenJDK 64-Bit Server VM (25.172-b11 mixed mode linux-amd64 compressed oops)
Heap:
 garbage-first heap   total 315392K, used 242387K [0x00000000c0000000, 0x00000000c01009a0, 0x0000000100000000)
  region size 1024K, 35 young (35840K), 9 survivors (9216K)
 Metaspace       used 150987K, capacity 164399K, committed 164684K, reserved 1193984K
  class space    used 16867K, capacity 20751K, committed 20864K, reserved 1048576K
GC Heap History (10 events):
Event: 4468.315 GC heap before
{Heap before GC invocations=402 (full 0):
 garbage-first heap   total 315392K, used 275172K [0x00000000c0000000, 0x00000000c01009a0, 0x0000000100000000)
  region size 1024K, 136 young (139264K), 8 survivors (8192K)
 Metaspace       used 150277K, capacity 163617K, committed 163788K, reserved 1191936K
  class space    used 16800K, capacity 20727K, committed 20736K, reserved 1048576K
Event: 4468.360 GC heap after
Heap after GC invocations=403 (full 0):
 garbage-first heap   total 315392K, used 146770K [0x00000000c0000000, 0x00000000c01009a0, 0x0000000100000000)
  region size 1024K, 12 young (12288K), 12 survivors (12288K)
 Metaspace       used 150277K, capacity 163617K, committed 163788K, reserved 1191936K
  class space    used 16800K, capacity 20727K, committed 20736K, reserved 1048576K
}
Event: 4540.693 GC heap before
{Heap before GC invocations=403 (full 0):
 garbage-first heap   total 315392K, used 268626K [0x00000000c0000000, 0x00000000c01009a0, 0x0000000100000000)
  region size 1024K, 131 young (134144K), 12 survivors (12288K)
 Metaspace       used 150294K, capacity 163617K, committed 163788K, reserved 1191936K
  class space    used 16800K, capacity 20727K, committed 20736K, reserved 1048576K
Event: 4540.717 GC heap after
Heap after GC invocations=404 (full 0):
 garbage-first heap   total 315392K, used 147431K [0x00000000c0000000, 0x00000000c01009a0, 0x0000000100000000)
  region size 1024K, 12 young (12288K), 12 survivors (12288K)
 Metaspace       used 150294K, capacity 163617K, committed 163788K, reserved 1191936K
  class space    used 16800K, capacity 20727K, committed 20736K, reserved 1048576K
}
Event: 4695.867 GC heap before
{Heap before GC invocations=404 (full 0):
 garbage-first heap   total 315392K, used 269287K [0x00000000c0000000, 0x00000000c01009a0, 0x0000000100000000)
  region size 1024K, 131 young (134144K), 12 survivors (12288K)
 Metaspace       used 150296K, capacity 163617K, committed 163788K, reserved 1191936K
  class space    used 16800K, capacity 20727K, committed 20736K, reserved 1048576K
Event: 4695.892 GC heap after
Heap after GC invocations=405 (full 0):
 garbage-first heap   total 315392K, used 147006K [0x00000000c0000000, 0x00000000c01009a0, 0x0000000100000000)
  region size 1024K, 10 young (10240K), 10 survivors (10240K)
 Metaspace       used 150296K, capacity 163617K, committed 163788K, reserved 1191936K
  class space    used 16800K, capacity 20727K, committed 20736K, reserved 1048576K
}
Event: 8707.535 GC heap before
{Heap before GC invocations=405 (full 0):
 garbage-first heap   total 315392K, used 270910K [0x00000000c0000000, 0x00000000c01009a0, 0x0000000100000000)
  region size 1024K, 131 young (134144K), 10 survivors (10240K)
 Metaspace       used 150336K, capacity 163681K, committed 163788K, reserved 1191936K
  class space    used 16800K, capacity 20727K, committed 20736K, reserved 1048576K
Event: 8707.550 GC heap after
Heap after GC invocations=406 (full 0):
 garbage-first heap   total 315392K, used 150590K [0x00000000c0000000, 0x00000000c01009a0, 0x0000000100000000)
  region size 1024K, 13 young (13312K), 13 survivors (13312K)
 Metaspace       used 150336K, capacity 163681K, committed 163788K, reserved 1191936K
  class space    used 16800K, capacity 20727K, committed 20736K, reserved 1048576K
}
Event: 9998.015 GC heap before
{Heap before GC invocations=406 (full 0):
 garbage-first heap   total 315392K, used 262303K [0x00000000c0000000, 0x00000000c01009a0, 0x0000000100000000)
  region size 1024K, 121 young (123904K), 13 survivors (13312K)
 Metaspace       used 151007K, capacity 164311K, committed 164428K, reserved 1193984K
  class space    used 16870K, capacity 20768K, committed 20864K, reserved 1048576K
Event: 9998.030 GC heap after
Heap after GC invocations=407 (full 0):
 garbage-first heap   total 315392K, used 153252K [0x00000000c0000000, 0x00000000c01009a0, 0x0000000100000000)
  region size 1024K, 9 young (9216K), 9 survivors (9216K)
 Metaspace       used 151007K, capacity 164311K, committed 164428K, reserved 1193984K
  class space    used 16870K, capacity 20768K, committed 20864K, reserved 1048576K
}

